ott 28, 2025 6:26:19 PM it.uniroma1.lucene.LuceneGUI initializeLuceneSystem
INFORMAZIONI: Indicizzati 5 file
ott 28, 2025 6:26:19 PM it.uniroma1.lucene.LuceneGUI <init>
INFORMAZIONI: Applicazione avviata con successo
ott 28, 2025 6:27:21 PM it.uniroma1.lucene.LuceneGUI performSearch
INFORMAZIONI: Esecuzione query: "Lucene"
ott 28, 2025 6:27:39 PM it.uniroma1.lucene.LuceneGUI performSearch
INFORMAZIONI: Esecuzione query: "Ingegneria"
ott 28, 2025 6:28:05 PM it.uniroma1.lucene.LuceneGUI performSearch
INFORMAZIONI: Esecuzione query: "invertito"
ott 28, 2025 6:28:15 PM it.uniroma1.lucene.LuceneGUI performSearch
INFORMAZIONI: Esecuzione query: "invertito"
ott 28, 2025 6:28:49 PM it.uniroma1.lucene.LuceneGUI performSearch
INFORMAZIONI: Esecuzione query: "informazioni"
ott 28, 2025 6:30:17 PM it.uniroma1.lucene.LuceneGUI performSearch
INFORMAZIONI: Esecuzione query: "tokenizzazione"
ott 28, 2025 6:30:19 PM it.uniroma1.lucene.LuceneGUI performSearch
INFORMAZIONI: Esecuzione query: "tokenizzazione"
ott 28, 2025 6:30:21 PM it.uniroma1.lucene.LuceneGUI performSearch
INFORMAZIONI: Esecuzione query: "tokenizzazione"
ott 28, 2025 6:30:27 PM it.uniroma1.lucene.LuceneGUI performSearch
INFORMAZIONI: Esecuzione query: "tokenizzazione"
ott 28, 2025 6:36:34 PM it.uniroma1.lucene.LuceneGUI initializeLuceneSystem
INFORMAZIONI: Indicizzati 5 file
ott 28, 2025 6:36:34 PM it.uniroma1.lucene.LuceneGUI <init>
INFORMAZIONI: Applicazione avviata con successo
ott 28, 2025 6:37:00 PM it.uniroma1.lucene.LuceneGUI initializeLuceneSystem
INFORMAZIONI: Indicizzati 5 file
ott 28, 2025 6:37:00 PM it.uniroma1.lucene.LuceneGUI <init>
INFORMAZIONI: Applicazione avviata con successo
ott 28, 2025 6:37:32 PM it.uniroma1.lucene.LuceneGUI performSearch
INFORMAZIONI: Esecuzione query: "Lucene"
ott 28, 2025 6:37:51 PM it.uniroma1.lucene.LuceneGUI performSearch
INFORMAZIONI: Esecuzione query: "Lucene applicano"
ott 28, 2025 6:43:58 PM it.uniroma1.lucene.LuceneGUI initializeLuceneSystem
INFORMAZIONI: Indicizzati 5 file
ott 28, 2025 6:43:58 PM it.uniroma1.lucene.LuceneGUI <init>
INFORMAZIONI: Applicazione avviata con successo
ott 28, 2025 6:45:06 PM it.uniroma1.lucene.LuceneGUI performSearch
INFORMAZIONI: Esecuzione query: filename:document1, content:java
ott 28, 2025 6:45:17 PM it.uniroma1.lucene.LuceneGUI performSearch
INFORMAZIONI: Esecuzione query: filename:document, content:java
ott 28, 2025 6:45:24 PM it.uniroma1.lucene.LuceneGUI performSearch
INFORMAZIONI: Esecuzione query: filename:docu, content:java
ott 28, 2025 6:45:36 PM it.uniroma1.lucene.LuceneGUI performSearch
INFORMAZIONI: Esecuzione query: filename:docu, content:pippo
ott 28, 2025 6:46:25 PM it.uniroma1.lucene.LuceneGUI initializeLuceneSystem
INFORMAZIONI: Indicizzati 5 file
ott 28, 2025 6:46:25 PM it.uniroma1.lucene.LuceneGUI <init>
INFORMAZIONI: Applicazione avviata con successo
ott 28, 2025 6:46:28 PM it.uniroma1.lucene.LuceneGUI performSearch
INFORMAZIONI: Esecuzione query: memorizza e gestisce l'informazione per recuperare documenti
ott 29, 2025 2:39:27 AM it.uniroma1.lucene.LuceneGUI initializeLuceneSystem
INFORMAZIONI: Indicizzati 5 file
ott 29, 2025 2:39:27 AM it.uniroma1.lucene.LuceneGUI <init>
INFORMAZIONI: Applicazione avviata con successo
ott 29, 2025 2:39:36 AM it.uniroma1.lucene.LuceneGUI performSearch
INFORMAZIONI: Esecuzione query: bella
ott 29, 2025 2:39:41 AM it.uniroma1.lucene.LuceneGUI performSearch
INFORMAZIONI: Esecuzione query: bella
ott 29, 2025 2:39:42 AM it.uniroma1.lucene.LuceneGUI performSearch
INFORMAZIONI: Esecuzione query: bella
ott 29, 2025 2:39:47 AM it.uniroma1.lucene.LuceneGUI performSearch
INFORMAZIONI: Esecuzione query: ciao
ott 29, 2025 2:39:55 AM it.uniroma1.lucene.LuceneGUI performSearch
INFORMAZIONI: Esecuzione query: numeri
ott 29, 2025 2:40:59 AM it.uniroma1.lucene.LuceneGUI performSearch
INFORMAZIONI: Esecuzione query: i
ott 29, 2025 2:41:49 AM it.uniroma1.lucene.LuceneGUI performSearch
INFORMAZIONI: Esecuzione query: di
ott 29, 2025 2:42:01 AM it.uniroma1.lucene.LuceneGUI performSearch
INFORMAZIONI: Esecuzione query: e
ott 29, 2025 2:42:38 AM it.uniroma1.lucene.LuceneGUI performSearch
INFORMAZIONI: Esecuzione query: memorizza e gestisce
ott 29, 2025 2:42:40 AM it.uniroma1.lucene.LuceneGUI performSearch
INFORMAZIONI: Esecuzione query: memorizza e gestisce
ott 29, 2025 2:43:11 AM it.uniroma1.lucene.LuceneGUI performSearch
INFORMAZIONI: Esecuzione query: memorizza e gestisce l'informazione per recuperare documenti rilevanti per una query dell'utente.
ott 29, 2025 6:51:09 PM it.uniroma1.lucene.LuceneGUI initializeLuceneSystem
INFORMAZIONI: Indicizzati 5 file
ott 29, 2025 6:51:09 PM it.uniroma1.lucene.LuceneGUI <init>
INFORMAZIONI: Applicazione avviata con successo
ott 29, 2025 6:51:45 PM it.uniroma1.lucene.LuceneGUI performSearch
INFORMAZIONI: Esecuzione query: la scienza di cercare informazioni
nov 02, 2025 1:48:23 PM it.uniroma1.lucene.LuceneGUI initializeLuceneSystem
INFORMAZIONI: Indicizzati 6 file
nov 02, 2025 1:48:23 PM it.uniroma1.lucene.LuceneGUI <init>
INFORMAZIONI: Applicazione avviata con successo
nov 02, 2025 1:48:51 PM it.uniroma1.lucene.LuceneGUI performSearch
INFORMAZIONI: Esecuzione query: 'Roma tre'
nov 02, 2025 1:48:55 PM it.uniroma1.lucene.LuceneGUI performSearch
INFORMAZIONI: Esecuzione query: 'Roma tre'
nov 02, 2025 1:48:56 PM it.uniroma1.lucene.LuceneGUI performSearch
INFORMAZIONI: Esecuzione query: 'Roma tre'
nov 02, 2025 1:49:16 PM it.uniroma1.lucene.LuceneGUI performSearch
INFORMAZIONI: Esecuzione query: Roma Tre è un'università
nov 02, 2025 1:49:38 PM it.uniroma1.lucene.LuceneGUI performSearch
INFORMAZIONI: Esecuzione query: tokenizzazione
nov 02, 2025 1:50:06 PM it.uniroma1.lucene.LuceneGUI performSearch
INFORMAZIONI: Esecuzione query: oma Tre fu istituita recuperando aree industriali
nov 02, 2025 1:51:47 PM it.uniroma1.lucene.LuceneGUI initializeLuceneSystem
INFORMAZIONI: Indicizzati 6 file
nov 02, 2025 1:51:47 PM it.uniroma1.lucene.LuceneGUI <init>
INFORMAZIONI: Applicazione avviata con successo
nov 02, 2025 1:51:58 PM it.uniroma1.lucene.LuceneGUI performSearch
INFORMAZIONI: Esecuzione query: Roma Tre fu istituita recuperando aree industriali
nov 02, 2025 2:18:19 PM it.uniroma3.lucene.LuceneGUI initializeLuceneSystem
INFORMAZIONI: Indicizzati 6 file
nov 02, 2025 2:18:19 PM it.uniroma3.lucene.LuceneGUI <init>
INFORMAZIONI: Applicazione avviata con successo
nov 02, 2025 2:19:12 PM it.uniroma3.lucene.LuceneGUI performSearch
INFORMAZIONI: Esecuzione query: Roma tre
nov 02, 2025 2:19:19 PM it.uniroma3.lucene.LuceneGUI performSearch
INFORMAZIONI: Esecuzione query: bello figo
nov 02, 2025 2:19:25 PM it.uniroma3.lucene.LuceneGUI performSearch
INFORMAZIONI: Esecuzione query: text
nov 02, 2025 2:24:32 PM it.uniroma3.lucene.LuceneGUI initializeLuceneSystem
INFORMAZIONI: Indicizzati 6 file
nov 02, 2025 2:24:32 PM it.uniroma3.lucene.LuceneGUI <init>
INFORMAZIONI: Applicazione avviata con successo
nov 02, 2025 3:11:13 PM it.uniroma3.lucene.LuceneGUI initializeLuceneSystem
INFORMAZIONI: Indicizzati 6 file
nov 02, 2025 3:11:13 PM it.uniroma3.lucene.LuceneGUI <init>
INFORMAZIONI: Applicazione avviata con successo
nov 02, 2025 4:10:54 PM it.uniroma3.lucene.LuceneGUI initializeLuceneSystem
INFORMAZIONI: Indicizzati 6 file
nov 02, 2025 4:10:54 PM it.uniroma3.lucene.LuceneGUI <init>
INFORMAZIONI: Applicazione avviata con successo
nov 02, 2025 4:11:35 PM it.uniroma3.lucene.LuceneGUI reindexFiles
INFORMAZIONI: Indicizzati 6 file
nov 02, 2025 4:17:52 PM it.uniroma3.lucene.LuceneGUI initializeLuceneSystem
INFORMAZIONI: Indicizzati 6 file
nov 02, 2025 4:17:52 PM it.uniroma3.lucene.LuceneGUI <init>
INFORMAZIONI: Applicazione avviata con successo
nov 02, 2025 4:18:17 PM it.uniroma3.lucene.LuceneGUI performSearch
INFORMAZIONI: Esecuzione query: token
nov 02, 2025 4:18:17 PM it.uniroma3.lucene.LuceneGUI performSearch
INFORMAZIONI: Esecuzione query: token
nov 02, 2025 4:18:23 PM it.uniroma3.lucene.LuceneGUI performSearch
INFORMAZIONI: Esecuzione query: documento
nov 02, 2025 4:18:31 PM it.uniroma3.lucene.LuceneGUI performSearch
INFORMAZIONI: Esecuzione query: docume
nov 02, 2025 4:18:33 PM it.uniroma3.lucene.LuceneGUI performSearch
INFORMAZIONI: Esecuzione query: docum
nov 02, 2025 4:18:34 PM it.uniroma3.lucene.LuceneGUI performSearch
INFORMAZIONI: Esecuzione query: doc
nov 02, 2025 4:18:37 PM it.uniroma3.lucene.LuceneGUI performSearch
INFORMAZIONI: Esecuzione query: a
nov 02, 2025 4:22:34 PM it.uniroma3.lucene.LuceneGUI initializeLuceneSystem
INFORMAZIONI: Indicizzati 6 file
nov 02, 2025 4:22:34 PM it.uniroma3.lucene.LuceneGUI <init>
INFORMAZIONI: Applicazione avviata con successo
nov 02, 2025 4:26:26 PM it.uniroma3.lucene.LuceneGUI initializeLuceneSystem
INFORMAZIONI: Indicizzati 6 file
nov 02, 2025 4:26:26 PM it.uniroma3.lucene.LuceneGUI <init>
INFORMAZIONI: Applicazione avviata con successo
nov 02, 2025 4:26:54 PM it.uniroma3.lucene.LuceneGUI performSearch
INFORMAZIONI: Esecuzione query: roma tre
nov 02, 2025 4:27:09 PM it.uniroma3.lucene.LuceneGUI reindexFiles
INFORMAZIONI: Indicizzati 6 file
nov 02, 2025 4:34:03 PM it.uniroma3.lucene.LuceneGUI initializeLuceneSystem
INFORMAZIONI: Indicizzati 6 file
nov 02, 2025 4:34:04 PM it.uniroma3.lucene.LuceneGUI <init>
INFORMAZIONI: Applicazione avviata con successo
nov 02, 2025 4:34:08 PM it.uniroma3.lucene.LuceneGUI performSearch
INFORMAZIONI: Esecuzione query: lucene
nov 02, 2025 4:34:29 PM it.uniroma3.lucene.LuceneGUI performSearch
INFORMAZIONI: Esecuzione query: nome:documento1
nov 02, 2025 4:34:31 PM it.uniroma3.lucene.LuceneGUI performSearch
INFORMAZIONI: Esecuzione query: nome:documento1
nov 02, 2025 4:34:33 PM it.uniroma3.lucene.LuceneGUI performSearch
INFORMAZIONI: Esecuzione query: nome:documento1
nov 02, 2025 4:34:39 PM it.uniroma3.lucene.LuceneGUI performSearch
INFORMAZIONI: Esecuzione query: nome:documento1
nov 02, 2025 4:34:43 PM it.uniroma3.lucene.LuceneGUI performSearch
INFORMAZIONI: Esecuzione query: contenuto:"analisi del testo"
nov 02, 2025 4:34:45 PM it.uniroma3.lucene.LuceneGUI performSearch
INFORMAZIONI: Esecuzione query: contenuto:"analisi del testo"
nov 02, 2025 4:34:46 PM it.uniroma3.lucene.LuceneGUI performSearch
INFORMAZIONI: Esecuzione query: contenuto:"analisi del testo"
nov 02, 2025 4:34:46 PM it.uniroma3.lucene.LuceneGUI performSearch
INFORMAZIONI: Esecuzione query: contenuto:"analisi del testo"
nov 02, 2025 4:34:48 PM it.uniroma3.lucene.LuceneGUI performSearch
INFORMAZIONI: Esecuzione query: nome:analisi
nov 02, 2025 4:34:50 PM it.uniroma3.lucene.LuceneGUI performSearch
INFORMAZIONI: Esecuzione query: nome:analisi
nov 02, 2025 4:34:51 PM it.uniroma3.lucene.LuceneGUI performSearch
INFORMAZIONI: Esecuzione query: nome:analisi
nov 02, 2025 4:34:53 PM it.uniroma3.lucene.LuceneGUI performSearch
INFORMAZIONI: Esecuzione query: nome:documento contenuto:java
nov 02, 2025 4:34:53 PM it.uniroma3.lucene.LuceneGUI performSearch
AVVERTENZA: Errore durante la ricerca
org.apache.lucene.queryparser.classic.ParseException: Cannot parse '  ': Encountered "<EOF>" at line 1, column 2.
Was expecting one of:
    <NOT> ...
    "+" ...
    "-" ...
    <BAREOPER> ...
    "(" ...
    "*" ...
    <QUOTED> ...
    <TERM> ...
    <PREFIXTERM> ...
    <WILDTERM> ...
    <REGEXPTERM> ...
    "[" ...
    "{" ...
    <NUMBER> ...
    <TERM> ...
    
	at org.apache.lucene.queryparser.classic.QueryParserBase.parse(QueryParserBase.java:140)
	at it.uniroma3.lucene.Searcher.parseQuery(Searcher.java:223)
	at it.uniroma3.lucene.Searcher.search(Searcher.java:78)
	at it.uniroma3.lucene.LuceneGUI.performSearch(LuceneGUI.java:534)
	at it.uniroma3.lucene.LuceneGUI.lambda$12(LuceneGUI.java:685)
	at java.desktop/javax.swing.AbstractButton.fireActionPerformed(AbstractButton.java:1967)
	at java.desktop/javax.swing.AbstractButton$Handler.actionPerformed(AbstractButton.java:2308)
	at java.desktop/javax.swing.DefaultButtonModel.fireActionPerformed(DefaultButtonModel.java:405)
	at java.desktop/javax.swing.DefaultButtonModel.setPressed(DefaultButtonModel.java:262)
	at java.desktop/javax.swing.AbstractButton.doClick(AbstractButton.java:369)
	at java.desktop/javax.swing.plaf.basic.BasicMenuItemUI.doClick(BasicMenuItemUI.java:1020)
	at java.desktop/javax.swing.plaf.basic.BasicMenuItemUI$Handler.mouseReleased(BasicMenuItemUI.java:1064)
	at java.desktop/java.awt.Component.processMouseEvent(Component.java:6635)
	at java.desktop/javax.swing.JComponent.processMouseEvent(JComponent.java:3342)
	at java.desktop/java.awt.Component.processEvent(Component.java:6400)
	at java.desktop/java.awt.Container.processEvent(Container.java:2263)
	at java.desktop/java.awt.Component.dispatchEventImpl(Component.java:5011)
	at java.desktop/java.awt.Container.dispatchEventImpl(Container.java:2321)
	at java.desktop/java.awt.Component.dispatchEvent(Component.java:4843)
	at java.desktop/java.awt.LightweightDispatcher.retargetMouseEvent(Container.java:4918)
	at java.desktop/java.awt.LightweightDispatcher.processMouseEvent(Container.java:4547)
	at java.desktop/java.awt.LightweightDispatcher.dispatchEvent(Container.java:4488)
	at java.desktop/java.awt.Container.dispatchEventImpl(Container.java:2307)
	at java.desktop/java.awt.Window.dispatchEventImpl(Window.java:2772)
	at java.desktop/java.awt.Component.dispatchEvent(Component.java:4843)
	at java.desktop/java.awt.EventQueue.dispatchEventImpl(EventQueue.java:772)
	at java.desktop/java.awt.EventQueue$4.run(EventQueue.java:721)
	at java.desktop/java.awt.EventQueue$4.run(EventQueue.java:715)
	at java.base/java.security.AccessController.doPrivileged(Native Method)
	at java.base/java.security.ProtectionDomain$JavaSecurityAccessImpl.doIntersectionPrivilege(ProtectionDomain.java:85)
	at java.base/java.security.ProtectionDomain$JavaSecurityAccessImpl.doIntersectionPrivilege(ProtectionDomain.java:95)
	at java.desktop/java.awt.EventQueue$5.run(EventQueue.java:745)
	at java.desktop/java.awt.EventQueue$5.run(EventQueue.java:743)
	at java.base/java.security.AccessController.doPrivileged(Native Method)
	at java.base/java.security.ProtectionDomain$JavaSecurityAccessImpl.doIntersectionPrivilege(ProtectionDomain.java:85)
	at java.desktop/java.awt.EventQueue.dispatchEvent(EventQueue.java:742)
	at java.desktop/java.awt.EventDispatchThread.pumpOneEventForFilters(EventDispatchThread.java:203)
	at java.desktop/java.awt.EventDispatchThread.pumpEventsForFilter(EventDispatchThread.java:124)
	at java.desktop/java.awt.EventDispatchThread.pumpEventsForHierarchy(EventDispatchThread.java:113)
	at java.desktop/java.awt.EventDispatchThread.pumpEvents(EventDispatchThread.java:109)
	at java.desktop/java.awt.EventDispatchThread.pumpEvents(EventDispatchThread.java:101)
	at java.desktop/java.awt.EventDispatchThread.run(EventDispatchThread.java:90)
Caused by: org.apache.lucene.queryparser.classic.ParseException: Encountered "<EOF>" at line 1, column 2.
Was expecting one of:
    <NOT> ...
    "+" ...
    "-" ...
    <BAREOPER> ...
    "(" ...
    "*" ...
    <QUOTED> ...
    <TERM> ...
    <PREFIXTERM> ...
    <WILDTERM> ...
    <REGEXPTERM> ...
    "[" ...
    "{" ...
    <NUMBER> ...
    <TERM> ...
    
	at org.apache.lucene.queryparser.classic.QueryParser.generateParseException(QueryParser.java:1004)
	at org.apache.lucene.queryparser.classic.QueryParser.jj_consume_token(QueryParser.java:867)
	at org.apache.lucene.queryparser.classic.QueryParser.Query(QueryParser.java:260)
	at org.apache.lucene.queryparser.classic.QueryParser.TopLevelQuery(QueryParser.java:223)
	at org.apache.lucene.queryparser.classic.QueryParserBase.parse(QueryParserBase.java:136)
	... 41 more

nov 02, 2025 4:35:00 PM it.uniroma3.lucene.LuceneGUI performSearch
INFORMAZIONI: Esecuzione query: nome:documento contenuto:java
nov 02, 2025 4:35:00 PM it.uniroma3.lucene.LuceneGUI performSearch
AVVERTENZA: Errore durante la ricerca
org.apache.lucene.queryparser.classic.ParseException: Cannot parse '  ': Encountered "<EOF>" at line 1, column 2.
Was expecting one of:
    <NOT> ...
    "+" ...
    "-" ...
    <BAREOPER> ...
    "(" ...
    "*" ...
    <QUOTED> ...
    <TERM> ...
    <PREFIXTERM> ...
    <WILDTERM> ...
    <REGEXPTERM> ...
    "[" ...
    "{" ...
    <NUMBER> ...
    <TERM> ...
    
	at org.apache.lucene.queryparser.classic.QueryParserBase.parse(QueryParserBase.java:140)
	at it.uniroma3.lucene.Searcher.parseQuery(Searcher.java:223)
	at it.uniroma3.lucene.Searcher.search(Searcher.java:78)
	at it.uniroma3.lucene.LuceneGUI.performSearch(LuceneGUI.java:534)
	at it.uniroma3.lucene.LuceneGUI.lambda$6(LuceneGUI.java:301)
	at java.desktop/javax.swing.AbstractButton.fireActionPerformed(AbstractButton.java:1967)
	at java.desktop/javax.swing.AbstractButton$Handler.actionPerformed(AbstractButton.java:2308)
	at java.desktop/javax.swing.DefaultButtonModel.fireActionPerformed(DefaultButtonModel.java:405)
	at java.desktop/javax.swing.DefaultButtonModel.setPressed(DefaultButtonModel.java:262)
	at java.desktop/javax.swing.plaf.basic.BasicButtonListener.mouseReleased(BasicButtonListener.java:279)
	at java.desktop/java.awt.Component.processMouseEvent(Component.java:6635)
	at java.desktop/javax.swing.JComponent.processMouseEvent(JComponent.java:3342)
	at java.desktop/java.awt.Component.processEvent(Component.java:6400)
	at java.desktop/java.awt.Container.processEvent(Container.java:2263)
	at java.desktop/java.awt.Component.dispatchEventImpl(Component.java:5011)
	at java.desktop/java.awt.Container.dispatchEventImpl(Container.java:2321)
	at java.desktop/java.awt.Component.dispatchEvent(Component.java:4843)
	at java.desktop/java.awt.LightweightDispatcher.retargetMouseEvent(Container.java:4918)
	at java.desktop/java.awt.LightweightDispatcher.processMouseEvent(Container.java:4547)
	at java.desktop/java.awt.LightweightDispatcher.dispatchEvent(Container.java:4488)
	at java.desktop/java.awt.Container.dispatchEventImpl(Container.java:2307)
	at java.desktop/java.awt.Window.dispatchEventImpl(Window.java:2772)
	at java.desktop/java.awt.Component.dispatchEvent(Component.java:4843)
	at java.desktop/java.awt.EventQueue.dispatchEventImpl(EventQueue.java:772)
	at java.desktop/java.awt.EventQueue$4.run(EventQueue.java:721)
	at java.desktop/java.awt.EventQueue$4.run(EventQueue.java:715)
	at java.base/java.security.AccessController.doPrivileged(Native Method)
	at java.base/java.security.ProtectionDomain$JavaSecurityAccessImpl.doIntersectionPrivilege(ProtectionDomain.java:85)
	at java.base/java.security.ProtectionDomain$JavaSecurityAccessImpl.doIntersectionPrivilege(ProtectionDomain.java:95)
	at java.desktop/java.awt.EventQueue$5.run(EventQueue.java:745)
	at java.desktop/java.awt.EventQueue$5.run(EventQueue.java:743)
	at java.base/java.security.AccessController.doPrivileged(Native Method)
	at java.base/java.security.ProtectionDomain$JavaSecurityAccessImpl.doIntersectionPrivilege(ProtectionDomain.java:85)
	at java.desktop/java.awt.EventQueue.dispatchEvent(EventQueue.java:742)
	at java.desktop/java.awt.EventDispatchThread.pumpOneEventForFilters(EventDispatchThread.java:203)
	at java.desktop/java.awt.EventDispatchThread.pumpEventsForFilter(EventDispatchThread.java:124)
	at java.desktop/java.awt.EventDispatchThread.pumpEventsForHierarchy(EventDispatchThread.java:113)
	at java.desktop/java.awt.EventDispatchThread.pumpEvents(EventDispatchThread.java:109)
	at java.desktop/java.awt.EventDispatchThread.pumpEvents(EventDispatchThread.java:101)
	at java.desktop/java.awt.EventDispatchThread.run(EventDispatchThread.java:90)
Caused by: org.apache.lucene.queryparser.classic.ParseException: Encountered "<EOF>" at line 1, column 2.
Was expecting one of:
    <NOT> ...
    "+" ...
    "-" ...
    <BAREOPER> ...
    "(" ...
    "*" ...
    <QUOTED> ...
    <TERM> ...
    <PREFIXTERM> ...
    <WILDTERM> ...
    <REGEXPTERM> ...
    "[" ...
    "{" ...
    <NUMBER> ...
    <TERM> ...
    
	at org.apache.lucene.queryparser.classic.QueryParser.generateParseException(QueryParser.java:1004)
	at org.apache.lucene.queryparser.classic.QueryParser.jj_consume_token(QueryParser.java:867)
	at org.apache.lucene.queryparser.classic.QueryParser.Query(QueryParser.java:260)
	at org.apache.lucene.queryparser.classic.QueryParser.TopLevelQuery(QueryParser.java:223)
	at org.apache.lucene.queryparser.classic.QueryParserBase.parse(QueryParserBase.java:136)
	... 39 more

nov 02, 2025 4:36:11 PM it.uniroma3.lucene.LuceneGUI performSearch
INFORMAZIONI: Esecuzione query: lucene
nov 02, 2025 4:36:12 PM it.uniroma3.lucene.LuceneGUI performSearch
INFORMAZIONI: Esecuzione query: lucene
nov 02, 2025 4:36:14 PM it.uniroma3.lucene.LuceneGUI performSearch
INFORMAZIONI: Esecuzione query: java
nov 02, 2025 4:36:15 PM it.uniroma3.lucene.LuceneGUI performSearch
INFORMAZIONI: Esecuzione query: java
nov 02, 2025 4:36:17 PM it.uniroma3.lucene.LuceneGUI performSearch
INFORMAZIONI: Esecuzione query: nome:documento
nov 02, 2025 4:36:20 PM it.uniroma3.lucene.LuceneGUI performSearch
INFORMAZIONI: Esecuzione query: contenuto:java
nov 02, 2025 4:36:24 PM it.uniroma3.lucene.LuceneGUI performSearch
INFORMAZIONI: Esecuzione query: nome:documento contenuto:java
nov 02, 2025 4:36:24 PM it.uniroma3.lucene.LuceneGUI performSearch
AVVERTENZA: Errore durante la ricerca
org.apache.lucene.queryparser.classic.ParseException: Cannot parse '  ': Encountered "<EOF>" at line 1, column 2.
Was expecting one of:
    <NOT> ...
    "+" ...
    "-" ...
    <BAREOPER> ...
    "(" ...
    "*" ...
    <QUOTED> ...
    <TERM> ...
    <PREFIXTERM> ...
    <WILDTERM> ...
    <REGEXPTERM> ...
    "[" ...
    "{" ...
    <NUMBER> ...
    <TERM> ...
    
	at org.apache.lucene.queryparser.classic.QueryParserBase.parse(QueryParserBase.java:140)
	at it.uniroma3.lucene.Searcher.parseQuery(Searcher.java:223)
	at it.uniroma3.lucene.Searcher.search(Searcher.java:78)
	at it.uniroma3.lucene.LuceneGUI.performSearch(LuceneGUI.java:534)
	at it.uniroma3.lucene.LuceneGUI.lambda$12(LuceneGUI.java:685)
	at java.desktop/javax.swing.AbstractButton.fireActionPerformed(AbstractButton.java:1967)
	at java.desktop/javax.swing.AbstractButton$Handler.actionPerformed(AbstractButton.java:2308)
	at java.desktop/javax.swing.DefaultButtonModel.fireActionPerformed(DefaultButtonModel.java:405)
	at java.desktop/javax.swing.DefaultButtonModel.setPressed(DefaultButtonModel.java:262)
	at java.desktop/javax.swing.AbstractButton.doClick(AbstractButton.java:369)
	at java.desktop/javax.swing.plaf.basic.BasicMenuItemUI.doClick(BasicMenuItemUI.java:1020)
	at java.desktop/javax.swing.plaf.basic.BasicMenuItemUI$Handler.mouseReleased(BasicMenuItemUI.java:1064)
	at java.desktop/java.awt.Component.processMouseEvent(Component.java:6635)
	at java.desktop/javax.swing.JComponent.processMouseEvent(JComponent.java:3342)
	at java.desktop/java.awt.Component.processEvent(Component.java:6400)
	at java.desktop/java.awt.Container.processEvent(Container.java:2263)
	at java.desktop/java.awt.Component.dispatchEventImpl(Component.java:5011)
	at java.desktop/java.awt.Container.dispatchEventImpl(Container.java:2321)
	at java.desktop/java.awt.Component.dispatchEvent(Component.java:4843)
	at java.desktop/java.awt.LightweightDispatcher.retargetMouseEvent(Container.java:4918)
	at java.desktop/java.awt.LightweightDispatcher.processMouseEvent(Container.java:4547)
	at java.desktop/java.awt.LightweightDispatcher.dispatchEvent(Container.java:4488)
	at java.desktop/java.awt.Container.dispatchEventImpl(Container.java:2307)
	at java.desktop/java.awt.Window.dispatchEventImpl(Window.java:2772)
	at java.desktop/java.awt.Component.dispatchEvent(Component.java:4843)
	at java.desktop/java.awt.EventQueue.dispatchEventImpl(EventQueue.java:772)
	at java.desktop/java.awt.EventQueue$4.run(EventQueue.java:721)
	at java.desktop/java.awt.EventQueue$4.run(EventQueue.java:715)
	at java.base/java.security.AccessController.doPrivileged(Native Method)
	at java.base/java.security.ProtectionDomain$JavaSecurityAccessImpl.doIntersectionPrivilege(ProtectionDomain.java:85)
	at java.base/java.security.ProtectionDomain$JavaSecurityAccessImpl.doIntersectionPrivilege(ProtectionDomain.java:95)
	at java.desktop/java.awt.EventQueue$5.run(EventQueue.java:745)
	at java.desktop/java.awt.EventQueue$5.run(EventQueue.java:743)
	at java.base/java.security.AccessController.doPrivileged(Native Method)
	at java.base/java.security.ProtectionDomain$JavaSecurityAccessImpl.doIntersectionPrivilege(ProtectionDomain.java:85)
	at java.desktop/java.awt.EventQueue.dispatchEvent(EventQueue.java:742)
	at java.desktop/java.awt.EventDispatchThread.pumpOneEventForFilters(EventDispatchThread.java:203)
	at java.desktop/java.awt.EventDispatchThread.pumpEventsForFilter(EventDispatchThread.java:124)
	at java.desktop/java.awt.EventDispatchThread.pumpEventsForHierarchy(EventDispatchThread.java:113)
	at java.desktop/java.awt.EventDispatchThread.pumpEvents(EventDispatchThread.java:109)
	at java.desktop/java.awt.EventDispatchThread.pumpEvents(EventDispatchThread.java:101)
	at java.desktop/java.awt.EventDispatchThread.run(EventDispatchThread.java:90)
Caused by: org.apache.lucene.queryparser.classic.ParseException: Encountered "<EOF>" at line 1, column 2.
Was expecting one of:
    <NOT> ...
    "+" ...
    "-" ...
    <BAREOPER> ...
    "(" ...
    "*" ...
    <QUOTED> ...
    <TERM> ...
    <PREFIXTERM> ...
    <WILDTERM> ...
    <REGEXPTERM> ...
    "[" ...
    "{" ...
    <NUMBER> ...
    <TERM> ...
    
	at org.apache.lucene.queryparser.classic.QueryParser.generateParseException(QueryParser.java:1004)
	at org.apache.lucene.queryparser.classic.QueryParser.jj_consume_token(QueryParser.java:867)
	at org.apache.lucene.queryparser.classic.QueryParser.Query(QueryParser.java:260)
	at org.apache.lucene.queryparser.classic.QueryParser.TopLevelQuery(QueryParser.java:223)
	at org.apache.lucene.queryparser.classic.QueryParserBase.parse(QueryParserBase.java:136)
	... 41 more

nov 02, 2025 4:39:03 PM it.uniroma3.lucene.LuceneGUI initializeLuceneSystem
INFORMAZIONI: Indicizzati 6 file
nov 02, 2025 4:39:03 PM it.uniroma3.lucene.LuceneGUI <init>
INFORMAZIONI: Applicazione avviata con successo
nov 02, 2025 4:39:08 PM it.uniroma3.lucene.LuceneGUI performSearch
INFORMAZIONI: Esecuzione query: nome:analisi
nov 02, 2025 4:39:13 PM it.uniroma3.lucene.LuceneGUI performSearch
INFORMAZIONI: Esecuzione query: nome:documento1
nov 02, 2025 4:39:18 PM it.uniroma3.lucene.LuceneGUI performSearch
INFORMAZIONI: Esecuzione query: contenuto:"analisi del testo"
nov 02, 2025 4:39:21 PM it.uniroma3.lucene.LuceneGUI performSearch
INFORMAZIONI: Esecuzione query: "information retrieval"
nov 02, 2025 4:39:25 PM it.uniroma3.lucene.LuceneGUI performSearch
INFORMAZIONI: Esecuzione query: nome:documento
nov 02, 2025 4:39:27 PM it.uniroma3.lucene.LuceneGUI performSearch
INFORMAZIONI: Esecuzione query: java
nov 02, 2025 4:39:29 PM it.uniroma3.lucene.LuceneGUI performSearch
INFORMAZIONI: Esecuzione query: lucene
nov 02, 2025 4:39:31 PM it.uniroma3.lucene.LuceneGUI performSearch
INFORMAZIONI: Esecuzione query: nome:documento contenuto:java
nov 02, 2025 4:39:31 PM it.uniroma3.lucene.LuceneGUI performSearch
AVVERTENZA: Errore durante la ricerca
org.apache.lucene.queryparser.classic.ParseException: Cannot parse '  ': Encountered "<EOF>" at line 1, column 2.
Was expecting one of:
    <NOT> ...
    "+" ...
    "-" ...
    <BAREOPER> ...
    "(" ...
    "*" ...
    <QUOTED> ...
    <TERM> ...
    <PREFIXTERM> ...
    <WILDTERM> ...
    <REGEXPTERM> ...
    "[" ...
    "{" ...
    <NUMBER> ...
    <TERM> ...
    
	at org.apache.lucene.queryparser.classic.QueryParserBase.parse(QueryParserBase.java:140)
	at it.uniroma3.lucene.Searcher.parseQuery(Searcher.java:223)
	at it.uniroma3.lucene.Searcher.search(Searcher.java:78)
	at it.uniroma3.lucene.LuceneGUI.performSearch(LuceneGUI.java:534)
	at it.uniroma3.lucene.LuceneGUI.lambda$12(LuceneGUI.java:685)
	at java.desktop/javax.swing.AbstractButton.fireActionPerformed(AbstractButton.java:1967)
	at java.desktop/javax.swing.AbstractButton$Handler.actionPerformed(AbstractButton.java:2308)
	at java.desktop/javax.swing.DefaultButtonModel.fireActionPerformed(DefaultButtonModel.java:405)
	at java.desktop/javax.swing.DefaultButtonModel.setPressed(DefaultButtonModel.java:262)
	at java.desktop/javax.swing.AbstractButton.doClick(AbstractButton.java:369)
	at java.desktop/javax.swing.plaf.basic.BasicMenuItemUI.doClick(BasicMenuItemUI.java:1020)
	at java.desktop/javax.swing.plaf.basic.BasicMenuItemUI$Handler.mouseReleased(BasicMenuItemUI.java:1064)
	at java.desktop/java.awt.Component.processMouseEvent(Component.java:6635)
	at java.desktop/javax.swing.JComponent.processMouseEvent(JComponent.java:3342)
	at java.desktop/java.awt.Component.processEvent(Component.java:6400)
	at java.desktop/java.awt.Container.processEvent(Container.java:2263)
	at java.desktop/java.awt.Component.dispatchEventImpl(Component.java:5011)
	at java.desktop/java.awt.Container.dispatchEventImpl(Container.java:2321)
	at java.desktop/java.awt.Component.dispatchEvent(Component.java:4843)
	at java.desktop/java.awt.LightweightDispatcher.retargetMouseEvent(Container.java:4918)
	at java.desktop/java.awt.LightweightDispatcher.processMouseEvent(Container.java:4547)
	at java.desktop/java.awt.LightweightDispatcher.dispatchEvent(Container.java:4488)
	at java.desktop/java.awt.Container.dispatchEventImpl(Container.java:2307)
	at java.desktop/java.awt.Window.dispatchEventImpl(Window.java:2772)
	at java.desktop/java.awt.Component.dispatchEvent(Component.java:4843)
	at java.desktop/java.awt.EventQueue.dispatchEventImpl(EventQueue.java:772)
	at java.desktop/java.awt.EventQueue$4.run(EventQueue.java:721)
	at java.desktop/java.awt.EventQueue$4.run(EventQueue.java:715)
	at java.base/java.security.AccessController.doPrivileged(Native Method)
	at java.base/java.security.ProtectionDomain$JavaSecurityAccessImpl.doIntersectionPrivilege(ProtectionDomain.java:85)
	at java.base/java.security.ProtectionDomain$JavaSecurityAccessImpl.doIntersectionPrivilege(ProtectionDomain.java:95)
	at java.desktop/java.awt.EventQueue$5.run(EventQueue.java:745)
	at java.desktop/java.awt.EventQueue$5.run(EventQueue.java:743)
	at java.base/java.security.AccessController.doPrivileged(Native Method)
	at java.base/java.security.ProtectionDomain$JavaSecurityAccessImpl.doIntersectionPrivilege(ProtectionDomain.java:85)
	at java.desktop/java.awt.EventQueue.dispatchEvent(EventQueue.java:742)
	at java.desktop/java.awt.EventDispatchThread.pumpOneEventForFilters(EventDispatchThread.java:203)
	at java.desktop/java.awt.EventDispatchThread.pumpEventsForFilter(EventDispatchThread.java:124)
	at java.desktop/java.awt.EventDispatchThread.pumpEventsForHierarchy(EventDispatchThread.java:113)
	at java.desktop/java.awt.EventDispatchThread.pumpEvents(EventDispatchThread.java:109)
	at java.desktop/java.awt.EventDispatchThread.pumpEvents(EventDispatchThread.java:101)
	at java.desktop/java.awt.EventDispatchThread.run(EventDispatchThread.java:90)
Caused by: org.apache.lucene.queryparser.classic.ParseException: Encountered "<EOF>" at line 1, column 2.
Was expecting one of:
    <NOT> ...
    "+" ...
    "-" ...
    <BAREOPER> ...
    "(" ...
    "*" ...
    <QUOTED> ...
    <TERM> ...
    <PREFIXTERM> ...
    <WILDTERM> ...
    <REGEXPTERM> ...
    "[" ...
    "{" ...
    <NUMBER> ...
    <TERM> ...
    
	at org.apache.lucene.queryparser.classic.QueryParser.generateParseException(QueryParser.java:1004)
	at org.apache.lucene.queryparser.classic.QueryParser.jj_consume_token(QueryParser.java:867)
	at org.apache.lucene.queryparser.classic.QueryParser.Query(QueryParser.java:260)
	at org.apache.lucene.queryparser.classic.QueryParser.TopLevelQuery(QueryParser.java:223)
	at org.apache.lucene.queryparser.classic.QueryParserBase.parse(QueryParserBase.java:136)
	... 41 more

nov 02, 2025 4:49:08 PM it.uniroma3.lucene.LuceneGUI initializeLuceneSystem
INFORMAZIONI: Indicizzati 6 file
nov 02, 2025 4:49:08 PM it.uniroma3.lucene.LuceneGUI <init>
INFORMAZIONI: Applicazione avviata con successo
nov 02, 2025 4:49:13 PM it.uniroma3.lucene.LuceneGUI performSearch
INFORMAZIONI: Esecuzione query: nome:documento1
nov 02, 2025 4:49:25 PM it.uniroma3.lucene.LuceneGUI performSearch
INFORMAZIONI: Esecuzione query: contenuto:"analisi del testo"
nov 02, 2025 4:49:27 PM it.uniroma3.lucene.LuceneGUI performSearch
INFORMAZIONI: Esecuzione query: nome:analisi
nov 02, 2025 4:49:31 PM it.uniroma3.lucene.LuceneGUI performSearch
INFORMAZIONI: Esecuzione query: nome:documento
nov 02, 2025 4:49:33 PM it.uniroma3.lucene.LuceneGUI performSearch
INFORMAZIONI: Esecuzione query: lucene
nov 02, 2025 4:49:34 PM it.uniroma3.lucene.LuceneGUI performSearch
INFORMAZIONI: Esecuzione query: java
nov 02, 2025 4:49:35 PM it.uniroma3.lucene.LuceneGUI performSearch
INFORMAZIONI: Esecuzione query: nome:documento
nov 02, 2025 4:49:44 PM it.uniroma3.lucene.LuceneGUI performSearch
INFORMAZIONI: Esecuzione query: contenuto:java
nov 02, 2025 4:49:48 PM it.uniroma3.lucene.LuceneGUI performSearch
INFORMAZIONI: Esecuzione query: nome:documento contenuto:java
nov 02, 2025 4:49:49 PM it.uniroma3.lucene.LuceneGUI performSearch
INFORMAZIONI: Esecuzione query: nome:documento contenuto:java
nov 02, 2025 4:49:56 PM it.uniroma3.lucene.LuceneGUI performSearch
INFORMAZIONI: Esecuzione query: "information retrieval"
nov 02, 2025 4:50:05 PM it.uniroma3.lucene.LuceneGUI performSearch
INFORMAZIONI: Esecuzione query: information retrieval
nov 02, 2025 4:50:10 PM it.uniroma3.lucene.LuceneGUI performSearch
INFORMAZIONI: Esecuzione query: "information retrieval"
